0 info it worked if it ends with ok
1 verbose cli [ '/usr/local/bin/node',
1 verbose cli   '/usr/local/bin/npm',
1 verbose cli   'run',
1 verbose cli   'testProject' ]
2 info using npm@3.10.8
3 info using node@v7.5.0
4 verbose run-script [ 'pretestProject', 'testProject', 'posttestProject' ]
5 info lifecycle koa2-svg@0.0.1~pretestProject: koa2-svg@0.0.1
6 silly lifecycle koa2-svg@0.0.1~pretestProject: no script for pretestProject, continuing
7 info lifecycle koa2-svg@0.0.1~testProject: koa2-svg@0.0.1
8 verbose lifecycle koa2-svg@0.0.1~testProject: unsafe-perm in lifecycle true
9 verbose lifecycle koa2-svg@0.0.1~testProject: PATH: /usr/local/lib/node_modules/npm/bin/node-gyp-bin:/Users/sean/work/FrameWork-Mock/node_modules/.bin:/Users/xiaolin/.rvm/gems/ruby-2.3.0/bin:/Users/xiaolin/.rvm/gems/ruby-2.3.0@global/bin:/Users/xiaolin/.rvm/rubies/ruby-2.3.0/bin:/opt/subversion/bin:/usr/local/ant/bin:/Users/xiaolin/Library/Android/sdk/tools:/Users/xiaolin/Library/Android/sdk/platform-tools:/Users/xiaolin/Library/gradle/bin:/Users/xiaolin/Library/Android-ndk:/usr/bin:/bin:/usr/sbin:/sbin:/usr/local/bin:/Users/xiaolin/.rvm/bin
10 verbose lifecycle koa2-svg@0.0.1~testProject: CWD: /Users/sean/work/FrameWork-Mock
11 silly lifecycle koa2-svg@0.0.1~testProject: Args: [ '-c', 'node test/index' ]
12 silly lifecycle koa2-svg@0.0.1~testProject: Returned: code: 1  signal: null
13 info lifecycle koa2-svg@0.0.1~testProject: Failed to exec testProject script
14 verbose stack Error: koa2-svg@0.0.1 testProject: `node test/index`
14 verbose stack Exit status 1
14 verbose stack     at EventEmitter.<anonymous> (/usr/local/lib/node_modules/npm/lib/utils/lifecycle.js:255:16)
14 verbose stack     at emitTwo (events.js:106:13)
14 verbose stack     at EventEmitter.emit (events.js:192:7)
14 verbose stack     at ChildProcess.<anonymous> (/usr/local/lib/node_modules/npm/lib/utils/spawn.js:40:14)
14 verbose stack     at emitTwo (events.js:106:13)
14 verbose stack     at ChildProcess.emit (events.js:192:7)
14 verbose stack     at maybeClose (internal/child_process.js:890:16)
14 verbose stack     at Process.ChildProcess._handle.onexit (internal/child_process.js:226:5)
15 verbose pkgid koa2-svg@0.0.1
16 verbose cwd /Users/sean/work/FrameWork-Mock
17 error Darwin 15.4.0
18 error argv "/usr/local/bin/node" "/usr/local/bin/npm" "run" "testProject"
19 error node v7.5.0
20 error npm  v3.10.8
21 error code ELIFECYCLE
22 error koa2-svg@0.0.1 testProject: `node test/index`
22 error Exit status 1
23 error Failed at the koa2-svg@0.0.1 testProject script 'node test/index'.
23 error Make sure you have the latest version of node.js and npm installed.
23 error If you do, this is most likely a problem with the koa2-svg package,
23 error not with npm itself.
23 error Tell the author that this fails on your system:
23 error     node test/index
23 error You can get information on how to open an issue for this project with:
23 error     npm bugs koa2-svg
23 error Or if that isn't available, you can get their info via:
23 error     npm owner ls koa2-svg
23 error There is likely additional logging output above.
24 verbose exit [ 1, true ]
